13-Oct-24 16:13:19
First try to copy files to input folder...
The item c:/input is a folder, copy there...
Copied ./unit_test/tt_timer_set.purely_wrap_timer_set_inp.json to c:/input
Copied ./fantasy_premier_league_player_stats.csv to c:/input

[32;1mName                          [0m[32;1m Value[0m
[32;1m----                          [0m [32;1m-----[0m
schema                         sys
folder                         install_prereq
prmLis                         {lib, app}
script                         drop_utils_users
schema                         sys
folder                         install_prereq
prmLis                         {lib, app, c:/input}
script                         install_sys
schema                         lib
folder                         install_prereq\lib
prmLis                         {app}
script                         install_lib_all
schema                         app
folder                         install_prereq\app
prmLis                         {lib}
script                         install_app_all
schema                         lib
folder                         lib
prmLis                         {app}
script                         install_timer_set
schema                         app
folder                         app
prmLis                         {lib}
script                         c_timer_set_syns
schema                         lib
folder                         lib
prmLis                         {}
script                         install_timer_set_tt
Executing: @./drop_utils_users for connection sys/sys@orclpdb AS SYSDBA

SQL*Plus: Release 23.0.0.0.0 - Production on Sun Oct 13 16:13:19 2024
Version 23.4.0.24.05

Copyright (c) 1982, 2024, Oracle.  All rights reserved.


Connected to:
Oracle Database 23ai Free Release 23.0.0.0.0 - Production
Version 23.4.0.24.05


Database		       Time		    Version
------------------------------ -------------------- ------------------------------
Start: FREE / ORCLPDB	       13-OCT-2024 16:13:19 Version 23.4.0.24.05

Drop lib and app
old   1: DROP USER &LIB_USER CASCADE
new   1: DROP USER lib CASCADE

User dropped.

old   1: DROP USER &APP_USER CASCADE
new   1: DROP USER app CASCADE

User dropped.

Drop directory input_dir

Directory dropped.


'END:'||TO_CHAR(SYSDATE,'DD-MON-YY
----------------------------------
End: 13-OCT-2024 16:13:23

Disconnected from Oracle Database 23ai Free Release 23.0.0.0.0 - Production
Version 23.4.0.24.05
Executing: @./install_sys for connection sys/sys@orclpdb AS SYSDBA

SQL*Plus: Release 23.0.0.0.0 - Production on Sun Oct 13 16:13:24 2024
Version 23.4.0.24.05

Copyright (c) 1982, 2024, Oracle.  All rights reserved.


Connected to:
Oracle Database 23ai Free Release 23.0.0.0.0 - Production
Version 23.4.0.24.05


Database		       Time		    Version
------------------------------ -------------------- ------------------------------
Start: FREE / ORCLPDB	       13-OCT-2024 16:13:24 Version 23.4.0.24.05

Create directory input_dir
old   1: CREATE OR REPLACE DIRECTORY input_dir AS '&input_dir'
new   1: CREATE OR REPLACE DIRECTORY input_dir AS 'c:/input'

Directory created.

Create lib
old   1: CREATE USER &DEMO_USER IDENTIFIED BY &DEMO_USER
new   1: CREATE USER lib IDENTIFIED BY lib

User created.

old   1: GRANT CREATE SESSION TO &DEMO_USER
new   1: GRANT CREATE SESSION TO lib

Grant succeeded.

old   1: GRANT ALTER SESSION TO &DEMO_USER
new   1: GRANT ALTER SESSION TO lib

Grant succeeded.

old   1: GRANT CREATE TABLE TO &DEMO_USER
new   1: GRANT CREATE TABLE TO lib

Grant succeeded.

old   1: GRANT CREATE TYPE TO &DEMO_USER
new   1: GRANT CREATE TYPE TO lib

Grant succeeded.

old   1: GRANT CREATE SEQUENCE TO &DEMO_USER
new   1: GRANT CREATE SEQUENCE TO lib

Grant succeeded.

old   1: GRANT CREATE VIEW TO &DEMO_USER
new   1: GRANT CREATE VIEW TO lib

Grant succeeded.

old   1: GRANT UNLIMITED TABLESPACE TO &DEMO_USER
new   1: GRANT UNLIMITED TABLESPACE TO lib

Grant succeeded.

old   1: GRANT CREATE PROCEDURE TO &DEMO_USER
new   1: GRANT CREATE PROCEDURE TO lib

Grant succeeded.

old   1: GRANT EXECUTE ON UTL_File TO &DEMO_USER
new   1: GRANT EXECUTE ON UTL_File TO lib

Grant succeeded.

old   1: GRANT ALL ON DIRECTORY input_dir TO &DEMO_USER
new   1: GRANT ALL ON DIRECTORY input_dir TO lib

Grant succeeded.

old   1: GRANT SELECT ON v_$database TO &DEMO_USER
new   1: GRANT SELECT ON v_$database TO lib

Grant succeeded.

old   1: GRANT SELECT ON v_$sql TO &DEMO_USER
new   1: GRANT SELECT ON v_$sql TO lib

Grant succeeded.

old   1: GRANT SELECT ON v_$sql_plan_statistics_all TO &DEMO_USER
new   1: GRANT SELECT ON v_$sql_plan_statistics_all TO lib

Grant succeeded.

old   1: GRANT SELECT ON v_$sql_plan TO &DEMO_USER
new   1: GRANT SELECT ON v_$sql_plan TO lib

Grant succeeded.

Grant Execute DBMS_Lock to lib
old   1: GRANT EXECUTE ON DBMS_Lock TO &LIB_USER
new   1: GRANT EXECUTE ON DBMS_Lock TO lib

Grant succeeded.

Grant Create Any Context to lib
old   1: GRANT CREATE ANY CONTEXT TO &LIB_USER
new   1: GRANT CREATE ANY CONTEXT TO lib

Grant succeeded.

Create app
old   1: CREATE USER &DEMO_USER IDENTIFIED BY &DEMO_USER
new   1: CREATE USER app IDENTIFIED BY app

User created.

old   1: GRANT CREATE SESSION TO &DEMO_USER
new   1: GRANT CREATE SESSION TO app

Grant succeeded.

old   1: GRANT ALTER SESSION TO &DEMO_USER
new   1: GRANT ALTER SESSION TO app

Grant succeeded.

old   1: GRANT CREATE TABLE TO &DEMO_USER
new   1: GRANT CREATE TABLE TO app

Grant succeeded.

old   1: GRANT CREATE TYPE TO &DEMO_USER
new   1: GRANT CREATE TYPE TO app

Grant succeeded.

old   1: GRANT CREATE SEQUENCE TO &DEMO_USER
new   1: GRANT CREATE SEQUENCE TO app

Grant succeeded.

old   1: GRANT CREATE VIEW TO &DEMO_USER
new   1: GRANT CREATE VIEW TO app

Grant succeeded.

old   1: GRANT UNLIMITED TABLESPACE TO &DEMO_USER
new   1: GRANT UNLIMITED TABLESPACE TO app

Grant succeeded.

old   1: GRANT CREATE PROCEDURE TO &DEMO_USER
new   1: GRANT CREATE PROCEDURE TO app

Grant succeeded.

old   1: GRANT EXECUTE ON UTL_File TO &DEMO_USER
new   1: GRANT EXECUTE ON UTL_File TO app

Grant succeeded.

old   1: GRANT ALL ON DIRECTORY input_dir TO &DEMO_USER
new   1: GRANT ALL ON DIRECTORY input_dir TO app

Grant succeeded.

old   1: GRANT SELECT ON v_$database TO &DEMO_USER
new   1: GRANT SELECT ON v_$database TO app

Grant succeeded.

old   1: GRANT SELECT ON v_$sql TO &DEMO_USER
new   1: GRANT SELECT ON v_$sql TO app

Grant succeeded.

old   1: GRANT SELECT ON v_$sql_plan_statistics_all TO &DEMO_USER
new   1: GRANT SELECT ON v_$sql_plan_statistics_all TO app

Grant succeeded.

old   1: GRANT SELECT ON v_$sql_plan TO &DEMO_USER
new   1: GRANT SELECT ON v_$sql_plan TO app

Grant succeeded.

old   1: GRANT CREATE SYNONYM TO &APP_USER
new   1: GRANT CREATE SYNONYM TO app

Grant succeeded.


'END:'||TO_CHAR(SYSDATE,'DD-MON-YY
----------------------------------
End: 13-OCT-2024 16:13:24

Disconnected from Oracle Database 23ai Free Release 23.0.0.0.0 - Production
Version 23.4.0.24.05
Executing: @./install_lib_all for connection lib/lib@orclpdb

SQL*Plus: Release 23.0.0.0.0 - Production on Sun Oct 13 16:13:24 2024
Version 23.4.0.24.05

Copyright (c) 1982, 2024, Oracle.  All rights reserved.


Connected to:
Oracle Database 23ai Free Release 23.0.0.0.0 - Production
Version 23.4.0.24.05


Database		       Time		    Version
------------------------------ -------------------- ------------------------------
Start: FREE / ORCLPDB	       13-OCT-2024 16:13:24 Version 23.4.0.24.05

Common type creation
====================
Create type L1_chr_arr

Type created.

Create type L1_num_arr

Type created.

DROP TYPE chr_int_arr
*
ERROR at line 1:
ORA-04043: Object CHR_INT_ARR does not exist.
Help: https://docs.oracle.com/error-help/db/ora-04043/



Type created.


Type created.

Packages creation
=================
Create package Utils

Package created.

No errors.

Package body created.

No errors.
Grant access to app (skip if none passed)

PL/SQL procedure successfully completed.

Granting Utils components to app..
old   1: GRANT EXECUTE ON L1_chr_arr TO &app
new   1: GRANT EXECUTE ON L1_chr_arr TO app

Grant succeeded.

old   1: GRANT EXECUTE ON L1_num_arr TO &app
new   1: GRANT EXECUTE ON L1_num_arr TO app

Grant succeeded.

old   1: GRANT EXECUTE ON chr_int_rec TO &app
new   1: GRANT EXECUTE ON chr_int_rec TO app

Grant succeeded.

old   1: GRANT EXECUTE ON chr_int_arr TO &app
new   1: GRANT EXECUTE ON chr_int_arr TO app

Grant succeeded.

old   1: GRANT EXECUTE ON Utils TO &app
new   1: GRANT EXECUTE ON Utils TO app

Grant succeeded.


'END:'||TO_CHAR(SYSDATE,'DD-MON-YY
----------------------------------
End: 13-OCT-2024 16:13:24


Database		       Time		    Version
------------------------------ -------------------- ------------------------------
Start: FREE / ORCLPDB	       13-OCT-2024 16:13:24 Version 23.4.0.24.05

Drop table tt_units
DROP TABLE tt_units
           *
ERROR at line 1:
ORA-00942: table or view "LIB"."TT_UNITS" does not exist
Help: https://docs.oracle.com/error-help/db/ora-00942/


Common type creation
====================
DROP TYPE L4_chr_arr
*
ERROR at line 1:
ORA-04043: Object L4_CHR_ARR does not exist.
Help: https://docs.oracle.com/error-help/db/ora-04043/


DROP TYPE L3_chr_arr
*
ERROR at line 1:
ORA-04043: Object L3_CHR_ARR does not exist.
Help: https://docs.oracle.com/error-help/db/ora-04043/


Create type L2_chr_arr

Type created.

Create type L3_chr_arr

Type created.

Create type L4_chr_arr

Type created.

Table creation
==============
Create table tt_units
tt_units

Table created.


Comment created.


Context created.

Create package Trapit

Package created.

No errors.

Package body created.

No errors.
Create package Trapit_Run

Package created.

No errors.

Package body created.

No errors.
Grant access to app (skip if none passed)

PL/SQL procedure successfully completed.

Granting Trapit components to app..
old   1: GRANT EXECUTE ON L2_chr_arr TO &app
new   1: GRANT EXECUTE ON L2_chr_arr TO app

Grant succeeded.

old   1: GRANT EXECUTE ON L3_chr_arr TO &app
new   1: GRANT EXECUTE ON L3_chr_arr TO app

Grant succeeded.

old   1: GRANT EXECUTE ON L4_chr_arr TO &app
new   1: GRANT EXECUTE ON L4_chr_arr TO app

Grant succeeded.

old   1: GRANT EXECUTE ON Trapit TO &app
new   1: GRANT EXECUTE ON Trapit TO app

Grant succeeded.

old   1: GRANT EXECUTE ON Trapit_Run TO &app
new   1: GRANT EXECUTE ON Trapit_Run TO app

Grant succeeded.


'END:'||TO_CHAR(SYSDATE,'DD-MON-YY
----------------------------------
End: 13-OCT-2024 16:13:24

Disconnected from Oracle Database 23ai Free Release 23.0.0.0.0 - Production
Version 23.4.0.24.05
Executing: @./install_app_all for connection app/app@orclpdb

SQL*Plus: Release 23.0.0.0.0 - Production on Sun Oct 13 16:13:24 2024
Version 23.4.0.24.05

Copyright (c) 1982, 2024, Oracle.  All rights reserved.


Connected to:
Oracle Database 23ai Free Release 23.0.0.0.0 - Production
Version 23.4.0.24.05

Creating synonyms for lib Utils components...
old   1: CREATE OR REPLACE SYNONYM L1_chr_arr FOR &lib..L1_chr_arr
new   1: CREATE OR REPLACE SYNONYM L1_chr_arr FOR lib.L1_chr_arr

Synonym created.

old   1: CREATE OR REPLACE SYNONYM L1_num_arr FOR &lib..L1_num_arr
new   1: CREATE OR REPLACE SYNONYM L1_num_arr FOR lib.L1_num_arr

Synonym created.

old   1: CREATE OR REPLACE SYNONYM chr_int_rec FOR &lib..chr_int_rec
new   1: CREATE OR REPLACE SYNONYM chr_int_rec FOR lib.chr_int_rec

Synonym created.

old   1: CREATE OR REPLACE SYNONYM chr_int_arr FOR &lib..chr_int_arr
new   1: CREATE OR REPLACE SYNONYM chr_int_arr FOR lib.chr_int_arr

Synonym created.

old   1: CREATE OR REPLACE SYNONYM Utils FOR &lib..Utils
new   1: CREATE OR REPLACE SYNONYM Utils FOR lib.Utils

Synonym created.

Creating synonyms for lib Trapit components...
old   1: CREATE OR REPLACE SYNONYM L2_chr_arr FOR &lib..L2_chr_arr
new   1: CREATE OR REPLACE SYNONYM L2_chr_arr FOR lib.L2_chr_arr

Synonym created.

old   1: CREATE OR REPLACE SYNONYM L3_chr_arr FOR &lib..L3_chr_arr
new   1: CREATE OR REPLACE SYNONYM L3_chr_arr FOR lib.L3_chr_arr

Synonym created.

old   1: CREATE OR REPLACE SYNONYM L4_chr_arr FOR &lib..L4_chr_arr
new   1: CREATE OR REPLACE SYNONYM L4_chr_arr FOR lib.L4_chr_arr

Synonym created.

old   1: CREATE OR REPLACE SYNONYM Trapit FOR &lib..Trapit
new   1: CREATE OR REPLACE SYNONYM Trapit FOR lib.Trapit

Synonym created.

old   1: CREATE OR REPLACE SYNONYM Trapit_Run FOR &lib..Trapit_Run
new   1: CREATE OR REPLACE SYNONYM Trapit_Run FOR lib.Trapit_Run

Synonym created.


Database		       Time		    Version
------------------------------ -------------------- ------------------------------
Start: FREE / ORCLPDB	       13-OCT-2024 16:13:25 Version 23.4.0.24.05

Create Utils synonyms
=====================
Creating synonyms for lib Utils components...
old   1: CREATE OR REPLACE SYNONYM L1_chr_arr FOR &lib..L1_chr_arr
new   1: CREATE OR REPLACE SYNONYM L1_chr_arr FOR lib.L1_chr_arr

Synonym created.

old   1: CREATE OR REPLACE SYNONYM L1_num_arr FOR &lib..L1_num_arr
new   1: CREATE OR REPLACE SYNONYM L1_num_arr FOR lib.L1_num_arr

Synonym created.

old   1: CREATE OR REPLACE SYNONYM chr_int_rec FOR &lib..chr_int_rec
new   1: CREATE OR REPLACE SYNONYM chr_int_rec FOR lib.chr_int_rec

Synonym created.

old   1: CREATE OR REPLACE SYNONYM chr_int_arr FOR &lib..chr_int_arr
new   1: CREATE OR REPLACE SYNONYM chr_int_arr FOR lib.chr_int_arr

Synonym created.

old   1: CREATE OR REPLACE SYNONYM Utils FOR &lib..Utils
new   1: CREATE OR REPLACE SYNONYM Utils FOR lib.Utils

Synonym created.

External table creation
=======================
Create lines_et

Table created.

Packages creation
=================
Create package Col_Group

Package created.

No errors.

Package body created.

No errors.

'END:'||TO_CHAR(SYSDATE,'DD-MON-YY
----------------------------------
End: 13-OCT-2024 16:13:25

Disconnected from Oracle Database 23ai Free Release 23.0.0.0.0 - Production
Version 23.4.0.24.05
Executing: @./install_timer_set for connection lib/lib@orclpdb

SQL*Plus: Release 23.0.0.0.0 - Production on Sun Oct 13 16:13:25 2024
Version 23.4.0.24.05

Copyright (c) 1982, 2024, Oracle.  All rights reserved.

Last Successful login time: Sun Oct 13 2024 16:13:24 +01:00

Connected to:
Oracle Database 23ai Free Release 23.0.0.0.0 - Production
Version 23.4.0.24.05


Database		       Time		    Version
------------------------------ -------------------- ------------------------------
Start: FREE / ORCLPDB	       13-OCT-2024 16:13:25 Version 23.4.0.24.05

Create package Timer_Set

Package created.

No errors.

Package body created.

No errors.
Grant access to app (skip if none passed)

PL/SQL procedure successfully completed.

Granting Timer_Set components to app..
old   1: GRANT EXECUTE ON Timer_Set TO &app
new   1: GRANT EXECUTE ON Timer_Set TO app

Grant succeeded.


'END:'||TO_CHAR(SYSDATE,'DD-MON-YY
----------------------------------
End: 13-OCT-2024 16:13:25

Disconnected from Oracle Database 23ai Free Release 23.0.0.0.0 - Production
Version 23.4.0.24.05
Executing: @./c_timer_set_syns for connection app/app@orclpdb

SQL*Plus: Release 23.0.0.0.0 - Production on Sun Oct 13 16:13:25 2024
Version 23.4.0.24.05

Copyright (c) 1982, 2024, Oracle.  All rights reserved.

Last Successful login time: Sun Oct 13 2024 16:13:24 +01:00

Connected to:
Oracle Database 23ai Free Release 23.0.0.0.0 - Production
Version 23.4.0.24.05

Creating synonyms for lib Timer_Set components...
old   1: CREATE OR REPLACE SYNONYM Timer_Set FOR &lib..Timer_Set
new   1: CREATE OR REPLACE SYNONYM Timer_Set FOR lib.Timer_Set

Synonym created.

Disconnected from Oracle Database 23ai Free Release 23.0.0.0.0 - Production
Version 23.4.0.24.05
Executing: @./install_timer_set_tt for connection lib/lib@orclpdb

SQL*Plus: Release 23.0.0.0.0 - Production on Sun Oct 13 16:13:25 2024
Version 23.4.0.24.05

Copyright (c) 1982, 2024, Oracle.  All rights reserved.

Last Successful login time: Sun Oct 13 2024 16:13:25 +01:00

Connected to:
Oracle Database 23ai Free Release 23.0.0.0.0 - Production
Version 23.4.0.24.05


Database		       Time		    Version
------------------------------ -------------------- ------------------------------
Start: FREE / ORCLPDB	       13-OCT-2024 16:13:25 Version 23.4.0.24.05

Create package TT_Timer_Set

Package created.


Package body created.

No errors.
Add the tt_units record, reading in JSON file from INPUT_DIR
old   3:   Trapit.Add_Ttu ('TT_TIMER_SET', 'Purely_Wrap_Timer_Set', '&LIB', 'Y', 'tt_timer_set.purely_wrap_timer_set_inp.json');
new   3:   Trapit.Add_Ttu ('TT_TIMER_SET', 'Purely_Wrap_Timer_Set', 'lib', 'Y', 'tt_timer_set.purely_wrap_timer_set_inp.json');

PL/SQL procedure successfully completed.


'END:'||TO_CHAR(SYSDATE,'DD-MON-YY
----------------------------------
End: 13-OCT-2024 16:13:25

Disconnected from Oracle Database 23ai Free Release 23.0.0.0.0 - Production
Version 23.4.0.24.05

