
Database             Time                 Version
-------------------- -------------------- ------------------------------
Start: ORCL          29-JAN-2019 06:45:12 Oracle Database 12c 12.2.0.1.0

External table creation
=======================
Create lines_et

Table created.

Types creation
==============

Type created.


Type created.

Packages creation
=================
Create package Col_Group

Package created.

No errors.

Package body created.

No errors.

'END:'||TO_CHAR(SYSDATE,'DD-MON-YY
----------------------------------
End: 29-JAN-2019 06:45:12

