
Database                       Time                 Version
------------------------------ -------------------- ------------------------------
Start: FREE / ORCLPDB          26-OCT-2024 14:02:43 Version 23.4.0.24.05

As Is
=====
Team                             Apps
------------------------------  -----
team_name_2                         1
team_name_1                         1
West Brom                        1219
Swansea                          1180
Blackburn                          33
Bolton                             37
Chelsea                          1147
Arsenal                           534
Everton                          1147
Tottenham                        1288
Fulham                           1209
QPR                              1517
Liverpool                        1227
Sunderland                       1162
Man City                         1099
Man Utd                          1231
Newcastle                        1247
Stoke City                       1170
Wolves                             31
Aston Villa                       685
Wigan                            1036
Norwich                          1229
West Ham                         1126
Reading                          1167
Southampton                      1110
Sorted by Key
=============
Team                             Apps
------------------------------  -----
Arsenal                           534
Aston Villa                       685
Blackburn                          33
Bolton                             37
Chelsea                          1147
Everton                          1147
Fulham                           1209
Liverpool                        1227
Man City                         1099
Man Utd                          1231
Newcastle                        1247
Norwich                          1229
QPR                              1517
Reading                          1167
Southampton                      1110
Stoke City                       1170
Sunderland                       1162
Swansea                          1180
Tottenham                        1288
West Brom                        1219
West Ham                         1126
Wigan                            1036
Wolves                             31
team_name_1                         1
team_name_2                         1
Sorted by Value, Key
====================
Team                             Apps
------------------------------  -----
team_name_1                         1
team_name_2                         1
Wolves                             31
Blackburn                          33
Bolton                             37
Arsenal                           534
Aston Villa                       685
Wigan                            1036
Man City                         1099
Southampton                      1110
West Ham                         1126
Chelsea                          1147
Everton                          1147
Sunderland                       1162
Reading                          1167
Stoke City                       1170
Swansea                          1180
Fulham                           1209
West Brom                        1219
Liverpool                        1227
Norwich                          1229
Man Utd                          1231
Newcastle                        1247
Tottenham                        1288
QPR                              1517
Timer Set: Col Group, Constructed at 26 Oct 2024 14:02:43, written at 14:02:43
==============================================================================
Timer             Elapsed         CPU       Calls       Ela/Call       CPU/Call
-------------  ----------  ----------  ----------  -------------  -------------
Load File            0.27        0.06           1        0.27209        0.06000
List_Asis            0.01        0.00           1        0.00500        0.00000
Sort_By_Key          0.00        0.00           1        0.00333        0.00000
Sort_By_Value        0.00        0.00           1        0.00187        0.00000
(Other)              0.00        0.00           1        0.00090        0.00000
-------------  ----------  ----------  ----------  -------------  -------------
Total                0.28        0.06           5        0.05664        0.01200
-------------  ----------  ----------  ----------  -------------  -------------
[Timer timed (per call in ms): Elapsed: 0.02345, CPU: 0.02093]

PL/SQL procedure successfully completed.


'END:'||TO_CHAR(SYSDATE,'DD-MON-YY
----------------------------------
End: 26-OCT-2024 14:02:44

