
Database             Time                 Version
-------------------- -------------------- ------------------------------
Start: ORCL          12-APR-2019 06:26:17 Oracle Database 12c 12.2.0.1.0

Common type creation
====================
Create type L2_chr_arr

Type created.

Create type L3_chr_arr

Type created.

Create type L4_chr_arr

Type created.

Table creation
==============
Create table tt_units
tt_units

Table created.


Comment created.

Packages creation
=================
Create package Utils_TT

Package created.

No errors.

Package body created.

No errors.
Create package TT_Timer_Set

Package created.


Package body created.

No errors.
Read in json files

PL/SQL procedure successfully completed.


'END:'||TO_CHAR(SYSDATE,'DD-MON-YY
----------------------------------
End: 12-APR-2019 06:26:17

