
Database             Time                 Version
-------------------- -------------------- ------------------------------
Start: ORCL          17-JAN-2019 06:53:48 Oracle Database 12c 12.2.0.1.0

TRAPIT TEST: TT_TIMER_SET.tt_Main
=================================
Timer Set: TT_TIMER_SET.tt_Main, Constructed at 17 Jan 2019 06:53:48, written at 06:53:56
=========================================================================================
Timer                         Elapsed         CPU       Calls       Ela/Call       CPU/Call
-------------------------  ----------  ----------  ----------  -------------  -------------
Get Inputs                       0.00        0.00           1        0.00300        0.00000
Set Output CLOB                  7.66        4.10           1        7.65800        4.10000
Output CLOB to table/file        0.05        0.01           1        0.04700        0.01000
(Other)                          0.00        0.00           1        0.00000        0.00000
-------------------------  ----------  ----------  ----------  -------------  -------------
Total                            7.71        4.11           4        1.92700        1.02750
-------------------------  ----------  ----------  ----------  -------------  -------------
[Timer timed (per call in ms): Elapsed: 0.01041237, CPU: 0.01134021]

PL/SQL procedure successfully completed.


'END:'||TO_CHAR(SYSDATE,'DD-MON-YY
----------------------------------
End: 17-JAN-2019 06:53:56

